http://www.digiboy.ir/8758/windows-10-version-1903/
Windows 10 Version 1903
--------------------------------------------------------------------------------------
http://www.digiboy.ir/8750/veritas-system-recovery-18-0-sp3/
Veritas System Recovery 18.0 SP3
--------------------------------------------------------------------------------------
http://www.digiboy.ir/8738/vmware-vsphere-670u2/
VMware vSphere 6.7 Update 2
--------------------------------------------------------------------------------------
http://www.digiboy.ir/8726/lepide-auditor-suite-19-0/
Lepide Auditor Suite 19.0
--------------------------------------------------------------------------------------
http://www.digiboy.ir/8721/bigant-office-messenger-5-2-01/
BigAnt Office Messenger 5.2.01
--------------------------------------------------------------------------------------
http://www.digiboy.ir/8711/kerio-control-9-3-0/
Kerio Control 9.3.0 Build 3273
--------------------------------------------------------------------------------------
http://www.digiboy.ir/8707/output-messenger-1-9-25/
Output Messenger 1.9.25
--------------------------------------------------------------------------------------
http://www.digiboy.ir/8703/hpe-spp-version-2019-03-0/
HPE SPP Version 2019.03.0
--------------------------------------------------------------------------------------
http://www.digiboy.ir/8693/hpe-custom-image-for-vmware-esxi-2-april-2019/
HPE Custom Image for VMware ESXi – 2 April 2019
--------------------------------------------------------------------------------------
http://www.digiboy.ir/8688/vmware-esxi-update-patches-28-march-2019/
Vmware Esxi Update Patches – ۲۸ March 2019
--------------------------------------------------------------------------------------
http://www.digiboy.ir/8492/veeam-backup-replication-9-5-update-4-0/
Veeam Backup & Replication 9.5 Update 4.0
--------------------------------------------------------------------------------------
http://www.digiboy.ir/8488/output-messenger-1-9-20/
Output Messenger 1.9.20
--------------------------------------------------------------------------------------
http://www.digiboy.ir/8297/microsoft-office-2019/
Microsoft Office 2019
--------------------------------------------------------------------------------------
http://www.digiboy.ir/8449/output-messenger-1-9-17/
Output Messenger 1.9.17
--------------------------------------------------------------------------------------
http://www.digiboy.ir/8399/veritas-system-recovery-18-0-sp2/
Veritas System Recovery 18.0 SP2
--------------------------------------------------------------------------------------
http://www.digiboy.ir/8395/hpe-service-pack-for-proliant-version-2018-11-0/
HPE Service Pack for ProLiant Version 2018.11.0
--------------------------------------------------------------------------------------
http://www.digiboy.ir/8392/passcape-reset-windows-password-9-0-905/
Passcape Reset Windows Password 9.0.905
--------------------------------------------------------------------------------------
http://www.digiboy.ir/8379/systemtools-hyena-13-2-2c/
SystemTools Hyena 13.2.2c
--------------------------------------------------------------------------------------
http://www.digiboy.ir/8374/kerio-control-9-2-8-build-3061/
Kerio Control 9.2.8 build 3061
--------------------------------------------------------------------------------------
http://www.digiboy.ir/8365/symantec-epp-14-2-1031-0100/
Symantec EPP 14.2.1031.0100
--------------------------------------------------------------------------------------
